<?xml version="1.0" encoding="UTF-8"?>
<testng-results ignored="0" total="1" passed="1" failed="0" skipped="0">
  <reporter-output>
  </reporter-output>
  <suite started-at="2023-08-11T15:51:33 IST" name="Default suite" finished-at="2023-08-11T15:52:48 IST" duration-ms="75158">
    <groups>
    </groups>
    <test started-at="2023-08-11T15:51:33 IST" name="Default test" finished-at="2023-08-11T15:52:48 IST" duration-ms="75158">
      <class name="parabankautomation.seleniumtest1">
        <test-method signature="f()[pri:0, instance:parabankautomation.seleniumtest1@3527942a]" started-at="2023-08-11T15:51:33 IST" name="f" finished-at="2023-08-11T15:52:48 IST" duration-ms="75119" status="PASS">
          <reporter-output>
          </reporter-output>
        </test-method> <!-- f -->
      </class> <!-- parabankautomation.seleniumtest1 -->
    </test> <!-- Default test -->
  </suite> <!-- Default suite -->
</testng-results>
